Fri Oct 04 19:06:26.888 [initandlisten] MongoDB starting : pid=6352 port=27018 dbpath=d:\nodejs\nodejs_course\week6\data\rs2 64-bit host=CP0998
Fri Oct 04 19:06:26.889 [initandlisten] db version v2.4.6
Fri Oct 04 19:06:26.889 [initandlisten] git version: b9925db5eac369d77a3a5f5d98a145eaaacd9673
Fri Oct 04 19:06:26.889 [initandlisten] build info: windows sys.getwindowsversion(major=6, minor=1, build=7601, platform=2, service_pack='Service Pack 1') BOOST_LIB_VERSION=1_49
Fri Oct 04 19:06:26.889 [initandlisten] allocator: system
Fri Oct 04 19:06:26.889 [initandlisten] options: { dbpath: "d:\nodejs\nodejs_course\week6\data\rs2", logpath: "2.log", port: 27018, replSet: "rs2", serviceDisplayName: "mongodb2", serviceName: "mongodb2" }
Fri Oct 04 19:06:26.889 [initandlisten] exception in initAndListen: 10296 
*********************************************************************
 ERROR: dbpath (d:\nodejs\nodejs_course\week6\data\rs2) does not exist.
 Create this directory or give existing directory in --dbpath.
 See http://dochub.mongodb.org/core/startingandstoppingmongo
*********************************************************************
, terminating
Fri Oct 04 19:06:26.889 dbexit: 
Fri Oct 04 19:06:26.889 [initandlisten] shutdown: going to close listening sockets...
Fri Oct 04 19:06:26.889 [initandlisten] shutdown: going to flush diaglog...
Fri Oct 04 19:06:26.889 [initandlisten] shutdown: going to close sockets...
Fri Oct 04 19:06:26.889 [initandlisten] shutdown: waiting for fs preallocator...
Fri Oct 04 19:06:26.889 [initandlisten] shutdown: lock for final commit...
Fri Oct 04 19:06:26.889 [initandlisten] shutdown: final commit...
Fri Oct 04 19:06:26.889 [initandlisten] shutdown: closing all files...
Fri Oct 04 19:06:26.889 [initandlisten] closeAllFiles() finished
Fri Oct 04 19:06:26.889 dbexit: really exiting now
